<?xml version="1.0" encoding="UTF-8"?>
<!-- Generated by org.testng.reporters.JUnitXMLReporter -->
<testsuite hostname="Pinku-PC" ignored="12" name="Test" tests="2" failures="0" timestamp="10 Jan 2019 07:39:25 GMT" time="5.61" errors="0">
  <testcase name="verifyPresenceOfThreeButtons" time="1.068" classname="tests.VerifyChallengingDOMPage"/>
  <testcase name="verifyIfImagesAreBroken" time="1.379" classname="tests.VerifyBrokenImagesPage"/>
  <testcase name="@BeforeSuite startSuite" time="0.0" classname="generic.Annotation">
    <ignored/>
  </testcase> <!-- @BeforeSuite startSuite -->
  <testcase name="@BeforeSuite startSuite" time="0.0" classname="generic.Annotation">
    <ignored/>
  </testcase> <!-- @BeforeSuite startSuite -->
  <testcase name="@BeforeSuite startSuite" time="0.0" classname="generic.Annotation">
    <ignored/>
  </testcase> <!-- @BeforeSuite startSuite -->
  <testcase name="@BeforeTest beforeTest" time="0.0" classname="generic.Annotation">
    <ignored/>
  </testcase> <!-- @BeforeTest beforeTest -->
  <testcase name="@BeforeTest beforeTest" time="0.0" classname="generic.Annotation">
    <ignored/>
  </testcase> <!-- @BeforeTest beforeTest -->
  <testcase name="@BeforeTest beforeTest" time="0.0" classname="generic.Annotation">
    <ignored/>
  </testcase> <!-- @BeforeTest beforeTest -->
  <testcase name="@AfterTest afterTest" time="0.0" classname="generic.Annotation">
    <ignored/>
  </testcase> <!-- @AfterTest afterTest -->
  <testcase name="@AfterTest afterTest" time="0.0" classname="generic.Annotation">
    <ignored/>
  </testcase> <!-- @AfterTest afterTest -->
  <testcase name="@AfterTest afterTest" time="0.0" classname="generic.Annotation">
    <ignored/>
  </testcase> <!-- @AfterTest afterTest -->
  <testcase name="@AfterSuite afterSuite" time="0.0" classname="generic.Annotation">
    <ignored/>
  </testcase> <!-- @AfterSuite afterSuite -->
  <testcase name="@AfterSuite afterSuite" time="0.0" classname="generic.Annotation">
    <ignored/>
  </testcase> <!-- @AfterSuite afterSuite -->
  <testcase name="@AfterSuite afterSuite" time="0.0" classname="generic.Annotation">
    <ignored/>
  </testcase> <!-- @AfterSuite afterSuite -->
</testsuite> <!-- Test -->
